<?xml version="1.0" encoding="UTF-8"?>
<testsuite xmlns:xsi="http://www.w3.org/2001/XMLSchema-instance" xsi:noNamespaceSchemaLocation="https://maven.apache.org/surefire/maven-surefire-plugin/xsd/surefire-test-report.xsd" version="3.0.2" name="tn.esprit.smartbotfactory.SmartBotFactoryApplicationTests" time="5.684" tests="1" errors="0" skipped="0" failures="0">
  <properties>
[...]
</properties>
  <testcase name="contextLoads" classname="tn.esprit.smartbotfactory.SmartBotFactoryApplicationTests" time="0.312">
    <system-out><![CDATA[14:21:23.963 [main] INFO org.springframework.test.context.support.AnnotationConfigContextLoaderUtils -- Could not detect default configuration classes for test class [tn.esprit.smartbotfactory.SmartBotFactoryApplicationTests]: SmartBotFactoryApplicationTests does not declare any static, non-private, non-final, nested classes annotated with @Configuration.
14:21:24.095 [main] INFO org.springframework.boot.test.context.SpringBootTestContextBootstrapper -- Found @SpringBootConfiguration tn.esprit.smartbotfactory.SmartBotFactoryApplication for test class tn.esprit.smartbotfactory.SmartBotFactoryApplicationTests

  .   ____          _            __ _ _
 /\\ / ___'_ __ _ _(_)_ __  __ _ \ \ \ \
( ( )\___ | '_ | '_| | '_ \/ _` | \ \ \ \
 \\/  ___)| |_)| | | | | || (_| |  ) ) ) )
  '  |____| .__|_| |_|_| |_\__, | / / / /
 =========|_|==============|___/=/_/_/_/

 :: Spring Boot ::                (v3.5.4)

2025-09-07T14:21:24.529+01:00  INFO 28192 --- [           main] t.e.s.SmartBotFactoryApplicationTests    : Starting SmartBotFactoryApplicationTests using Java 24.0.2 with PID 28192 (started by LENOVO in C:\Users\LENOVO\Desktop\SmartBot Factory\SmartBot Factory\Backend\SmartBot Factory)
2025-09-07T14:21:24.530+01:00  INFO 28192 --- [           main] t.e.s.SmartBotFactoryApplicationTests    : No active profile set, falling back to 1 default profile: "default"
2025-09-07T14:21:25.860+01:00  INFO 28192 --- [           main] .s.d.r.c.RepositoryConfigurationDelegate : Bootstrapping Spring Data JPA repositories in DEFAULT mode.
2025-09-07T14:21:25.962+01:00  INFO 28192 --- [           main] .s.d.r.c.RepositoryConfigurationDelegate : Finished Spring Data repository scanning in 94 ms. Found 2 JPA repository interfaces.
2025-09-07T14:21:26.631+01:00  INFO 28192 --- [           main] o.hibernate.jpa.internal.util.LogHelper  : HHH000204: Processing PersistenceUnitInfo [name: default]
2025-09-07T14:21:26.693+01:00  INFO 28192 --- [           main] org.hibernate.Version                    : HHH000412: Hibernate ORM core version 6.6.22.Final
2025-09-07T14:21:26.744+01:00  INFO 28192 --- [           main] o.h.c.internal.RegionFactoryInitiator    : HHH000026: Second-level cache disabled
2025-09-07T14:21:27.022+01:00  INFO 28192 --- [           main] o.s.o.j.p.SpringPersistenceUnitInfo      : No LoadTimeWeaver setup: ignoring JPA class transformer
2025-09-07T14:21:27.045+01:00  INFO 28192 --- [           main] com.zaxxer.hikari.HikariDataSource       : HikariPool-1 - Starting...
2025-09-07T14:21:27.199+01:00  INFO 28192 --- [           main] com.zaxxer.hikari.pool.HikariPool        : HikariPool-1 - Added connection com.mysql.cj.jdbc.ConnectionImpl@11309dd4
2025-09-07T14:21:27.200+01:00  INFO 28192 --- [           main] com.zaxxer.hikari.HikariDataSource       : HikariPool-1 - Start completed.
2025-09-07T14:21:27.240+01:00  WARN 28192 --- [           main] org.hibernate.dialect.Dialect            : HHH000511: The 5.5.5 version for [org.hibernate.dialect.MySQLDialect] is no longer supported, hence certain features may not work properly. The minimum supported version is 8.0.0. Check the community dialects project for available legacy versions.
2025-09-07T14:21:27.257+01:00  INFO 28192 --- [           main] org.hibernate.orm.connections.pooling    : HHH10001005: Database info:
	Database JDBC URL [Connecting through datasource 'HikariDataSource (HikariPool-1)']
	Database driver: undefined/unknown
	Database version: 5.5.5
	Autocommit mode: undefined/unknown
	Isolation level: undefined/unknown
	Minimum pool size: undefined/unknown
	Maximum pool size: undefined/unknown
2025-09-07T14:21:27.922+01:00  INFO 28192 --- [           main] o.h.e.t.j.p.i.JtaPlatformInitiator       : HHH000489: No JTA platform available (set 'hibernate.transaction.jta.platform' to enable JTA platform integration)
2025-09-07T14:21:28.033+01:00  INFO 28192 --- [           main] j.LocalContainerEntityManagerFactoryBean : Initialized JPA EntityManagerFactory for persistence unit 'default'
2025-09-07T14:21:28.528+01:00  WARN 28192 --- [           main] JpaBaseConfiguration$JpaWebConfiguration : spring.jpa.open-in-view is enabled by default. Therefore, database queries may be performed during view rendering. Explicitly configure spring.jpa.open-in-view to disable this warning
2025-09-07T14:21:28.560+01:00  WARN 28192 --- [           main] .s.s.UserDetailsServiceAutoConfiguration : 

Using generated security password: d94f765f-e242-46ca-aa35-d474902d03be

This generated password is for development use only. Your security configuration must be updated before running your application in production.

2025-09-07T14:21:28.568+01:00  INFO 28192 --- [           main] r$InitializeUserDetailsManagerConfigurer : Global AuthenticationManager configured with UserDetailsService bean with name inMemoryUserDetailsManager
2025-09-07T14:21:28.694+01:00 DEBUG 28192 --- [           main] o.s.s.web.DefaultSecurityFilterChain     : Will secure any request with filters: DisableEncodeUrlFilter, WebAsyncManagerIntegrationFilter, SecurityContextHolderFilter, HeaderWriterFilter, CorsFilter, LogoutFilter, RequestCacheAwareFilter, SecurityContextHolderAwareRequestFilter, AnonymousAuthenticationFilter, ExceptionTranslationFilter, AuthorizationFilter
2025-09-07T14:21:29.196+01:00  INFO 28192 --- [           main] t.e.s.SmartBotFactoryApplicationTests    : Started SmartBotFactoryApplicationTests in 4.963 seconds (process running for 6.245)
]]></system-out>
    <system-err><![CDATA[Mockito is currently self-attaching to enable the inline-mock-maker. This will no longer work in future releases of the JDK. Please add Mockito as an agent to your build as described in Mockito's documentation: https://javadoc.io/doc/org.mockito/mockito-core/latest/org.mockito/org/mockito/Mockito.html#0.3
WARNING: A Java agent has been loaded dynamically (C:\Users\LENOVO\.m2\repository\net\bytebuddy\byte-buddy-agent\1.17.6\byte-buddy-agent-1.17.6.jar)
WARNING: If a serviceability tool is in use, please run with -XX:+EnableDynamicAgentLoading to hide this warning
WARNING: If a serviceability tool is not in use, please run with -Djdk.instrument.traceUsage for more information
WARNING: Dynamic loading of agents will be disallowed by default in a future release
]]></system-err>
  </testcase>
</testsuite>